<?xml version="1.0" encoding="UTF-8"?>
<coverage generated="1613260738000" clover="3.2.0">
  <project timestamp="1613260738000" name="All files">
    <metrics statements="81" coveredstatements="74" conditionals="30" coveredconditionals="27" methods="11" coveredmethods="11" elements="122" coveredelements="112" complexity="0" loc="81" ncloc="81" packages="1" files="1" classes="1"/>
    <file name="Solution.js" path="/Users/jaime/Documents/interviews/coding_problems_solved/javascript/Solution.js">
      <metrics statements="81" coveredstatements="74" conditionals="30" coveredconditionals="27" methods="11" coveredmethods="11"/>
      <line num="8" count="1" type="stmt"/>
      <line num="9" count="1" type="stmt"/>
      <line num="10" count="1" type="stmt"/>
      <line num="13" count="1" type="cond" truecount="2" falsecount="0"/>
      <line num="15" count="0" type="cond" truecount="0" falsecount="2"/>
      <line num="16" count="0" type="stmt"/>
      <line num="17" count="0" type="stmt"/>
      <line num="19" count="0" type="stmt"/>
      <line num="20" count="0" type="stmt"/>
      <line num="26" count="1" type="stmt"/>
      <line num="27" count="4" type="stmt"/>
      <line num="30" count="1" type="stmt"/>
      <line num="31" count="4" type="stmt"/>
      <line num="36" count="1" type="stmt"/>
      <line num="42" count="2" type="stmt"/>
      <line num="43" count="2" type="stmt"/>
      <line num="44" count="2" type="stmt"/>
      <line num="45" count="2" type="stmt"/>
      <line num="48" count="2" type="cond" truecount="2" falsecount="0"/>
      <line num="49" count="1" type="stmt"/>
      <line num="50" count="1" type="stmt"/>
      <line num="54" count="2" type="stmt"/>
      <line num="55" count="12" type="cond" truecount="1" falsecount="1"/>
      <line num="56" count="12" type="stmt"/>
      <line num="60" count="2" type="stmt"/>
      <line num="62" count="2" type="stmt"/>
      <line num="71" count="1" type="stmt"/>
      <line num="74" count="1" type="stmt"/>
      <line num="75" count="5" type="stmt"/>
      <line num="76" count="5" type="stmt"/>
      <line num="79" count="1" type="stmt"/>
      <line num="99" count="1" type="stmt"/>
      <line num="102" count="1" type="stmt"/>
      <line num="105" count="1" type="stmt"/>
      <line num="106" count="8" type="stmt"/>
      <line num="108" count="8" type="cond" truecount="2" falsecount="0"/>
      <line num="109" count="1" type="stmt"/>
      <line num="110" count="1" type="stmt"/>
      <line num="113" count="7" type="stmt"/>
      <line num="116" count="0" type="stmt"/>
      <line num="129" count="1" type="stmt"/>
      <line num="132" count="1" type="stmt"/>
      <line num="133" count="2" type="stmt"/>
      <line num="134" count="13" type="cond" truecount="2" falsecount="0"/>
      <line num="135" count="1" type="stmt"/>
      <line num="136" count="1" type="stmt"/>
      <line num="140" count="0" type="stmt"/>
      <line num="148" count="1" type="stmt"/>
      <line num="150" count="1" type="stmt"/>
      <line num="151" count="11" type="stmt"/>
      <line num="154" count="1" type="stmt"/>
      <line num="165" count="1" type="stmt"/>
      <line num="166" count="1" type="stmt"/>
      <line num="169" count="1" type="stmt"/>
      <line num="172" count="11" type="cond" truecount="4" falsecount="0"/>
      <line num="174" count="1" type="stmt"/>
      <line num="175" count="5" type="stmt"/>
      <line num="177" count="1" type="stmt"/>
      <line num="181" count="10" type="cond" truecount="2" falsecount="0"/>
      <line num="183" count="1" type="stmt"/>
      <line num="184" count="5" type="stmt"/>
      <line num="187" count="1" type="stmt"/>
      <line num="189" count="1" type="stmt"/>
      <line num="193" count="1" type="stmt"/>
      <line num="200" count="30" type="cond" truecount="2" falsecount="0"/>
      <line num="201" count="6" type="stmt"/>
      <line num="202" count="24" type="cond" truecount="2" falsecount="0"/>
      <line num="203" count="10" type="stmt"/>
      <line num="205" count="14" type="stmt"/>
      <line num="215" count="8" type="cond" truecount="2" falsecount="0"/>
      <line num="216" count="2" type="stmt"/>
      <line num="218" count="6" type="stmt"/>
      <line num="230" count="5" type="stmt"/>
      <line num="233" count="5" type="cond" truecount="4" falsecount="0"/>
      <line num="234" count="1" type="stmt"/>
      <line num="236" count="4" type="cond" truecount="2" falsecount="0"/>
      <line num="237" count="2" type="stmt"/>
      <line num="240" count="2" type="stmt"/>
      <line num="245" count="1" type="stmt"/>
      <line num="247" count="1" type="stmt"/>
      <line num="249" count="1" type="stmt"/>
    </file>
  </project>
</coverage>
