<?xml version="1.0" encoding="UTF-8"?>
<coverage generated="1612051522776" clover="3.2.0">
  <project timestamp="1612051522776" name="All files">
    <metrics statements="18" coveredstatements="18" conditionals="4" coveredconditionals="3" methods="3" coveredmethods="3" elements="25" coveredelements="24" complexity="0" loc="18" ncloc="18" packages="1" files="1" classes="1"/>
    <file name="Solution.js" path="/Users/jaime/Documents/interviews/coding_problems_solved/javascript/Solution.js">
      <metrics statements="18" coveredstatements="18" conditionals="4" coveredconditionals="3" methods="3" coveredmethods="3"/>
      <line num="7" count="2" type="stmt"/>
      <line num="8" count="2" type="stmt"/>
      <line num="9" count="2" type="stmt"/>
      <line num="10" count="2" type="stmt"/>
      <line num="13" count="2" type="cond" truecount="2" falsecount="0"/>
      <line num="14" count="1" type="stmt"/>
      <line num="15" count="1" type="stmt"/>
      <line num="19" count="2" type="stmt"/>
      <line num="20" count="12" type="cond" truecount="1" falsecount="1"/>
      <line num="21" count="12" type="stmt"/>
      <line num="25" count="2" type="stmt"/>
      <line num="27" count="2" type="stmt"/>
      <line num="36" count="1" type="stmt"/>
      <line num="39" count="1" type="stmt"/>
      <line num="40" count="5" type="stmt"/>
      <line num="41" count="5" type="stmt"/>
      <line num="44" count="1" type="stmt"/>
      <line num="48" count="1" type="stmt"/>
    </file>
  </project>
</coverage>
