TN:
SF:Solution.js
FN:2,(anonymous_0)
FN:7,(anonymous_1)
FN:41,(anonymous_2)
FN:69,(anonymous_3)
FNF:4
FNH:4
FNDA:4,(anonymous_0)
FNDA:1,(anonymous_1)
FNDA:2,(anonymous_2)
FNDA:1,(anonymous_3)
DA:8,1
DA:9,1
DA:10,1
DA:13,1
DA:15,0
DA:16,0
DA:17,0
DA:19,0
DA:20,0
DA:26,1
DA:27,4
DA:30,1
DA:31,4
DA:36,1
DA:42,2
DA:43,2
DA:44,2
DA:45,2
DA:48,2
DA:49,1
DA:50,1
DA:54,2
DA:55,12
DA:56,12
DA:60,2
DA:62,2
DA:71,1
DA:74,1
DA:75,5
DA:76,5
DA:79,1
DA:83,1
LF:32
LH:27
BRDA:13,0,0,1
BRDA:13,0,1,1
BRDA:15,1,0,0
BRDA:15,1,1,0
BRDA:48,2,0,1
BRDA:48,2,1,1
BRDA:55,3,0,12
BRDA:55,3,1,0
BRF:8
BRH:5
end_of_record
