TN:
SF:Solution.js
FN:2,(anonymous_0)
FN:7,(anonymous_1)
FN:41,(anonymous_2)
FN:69,(anonymous_3)
FN:96,(anonymous_4)
FN:126,(anonymous_5)
FN:146,(anonymous_6)
FN:162,(anonymous_7)
FNF:8
FNH:8
FNDA:9,(anonymous_0)
FNDA:1,(anonymous_1)
FNDA:2,(anonymous_2)
FNDA:1,(anonymous_3)
FNDA:1,(anonymous_4)
FNDA:1,(anonymous_5)
FNDA:1,(anonymous_6)
FNDA:2,(anonymous_7)
DA:8,1
DA:9,1
DA:10,1
DA:13,1
DA:15,0
DA:16,0
DA:17,0
DA:19,0
DA:20,0
DA:26,1
DA:27,4
DA:30,1
DA:31,4
DA:36,1
DA:42,2
DA:43,2
DA:44,2
DA:45,2
DA:48,2
DA:49,1
DA:50,1
DA:54,2
DA:55,12
DA:56,12
DA:60,2
DA:62,2
DA:71,1
DA:74,1
DA:75,5
DA:76,5
DA:79,1
DA:99,1
DA:102,1
DA:105,1
DA:106,8
DA:108,8
DA:109,1
DA:110,1
DA:113,7
DA:116,0
DA:129,1
DA:132,1
DA:133,2
DA:134,13
DA:135,1
DA:136,1
DA:140,0
DA:148,1
DA:150,1
DA:151,11
DA:154,1
DA:165,2
DA:166,2
DA:169,2
DA:172,22
DA:174,2
DA:175,10
DA:177,2
DA:181,20
DA:183,2
DA:184,10
DA:187,2
DA:188,2
DA:193,2
DA:197,1
DA:198,1
DA:201,1
DA:203,1
LF:68
LH:61
BRDA:13,0,0,1
BRDA:13,0,1,1
BRDA:15,1,0,0
BRDA:15,1,1,0
BRDA:48,2,0,1
BRDA:48,2,1,1
BRDA:55,3,0,12
BRDA:55,3,1,0
BRDA:108,4,0,1
BRDA:108,4,1,7
BRDA:134,5,0,1
BRDA:134,5,1,12
BRDA:172,6,0,2
BRDA:172,6,1,20
BRDA:172,7,0,22
BRDA:172,7,1,2
BRDA:181,8,0,2
BRDA:181,8,1,18
BRF:18
BRH:15
end_of_record
